\BOOKMARK [0][-]{chapter.1}{\376\377\232\330\173\111\116\343\145\160}{}% 1
\BOOKMARK [1][-]{section.1.1}{\376\377\176\277\140\047\172\172\225\364\060\001\133\371\120\166\172\172\225\364}{chapter.1}% 2
\BOOKMARK [2][-]{subsection.1.1.1}{\376\377\133\371\120\166\172\172\225\364}{section.1.1}% 3
\BOOKMARK [2][-]{subsection.1.1.2}{\376\377\123\117\123\330\137\040\221\317\116\016\123\315\123\330\137\040\221\317}{section.1.1}% 4
\BOOKMARK [1][-]{section.1.2}{\376\377\176\277\140\047\146\040\134\004\060\001\176\277\140\047\123\330\143\142\166\204\167\351\226\065\210\150\171\072}{chapter.1}% 5
\BOOKMARK [1][-]{section.1.3}{\376\377\167\351\226\065\217\371\166\204\121\340\117\125\211\343\221\312}{chapter.1}% 6
\BOOKMARK [2][-]{subsection.1.3.1}{\376\377\165\050\167\351\226\065\133\232\116\111\166\204\124\021\221\317\127\072}{section.1.3}% 7
\BOOKMARK [2][-]{subsection.1.3.2}{\376\377\217\371\166\204\140\047\215\050}{section.1.3}% 8
\BOOKMARK [1][-]{section.1.4}{\376\377\131\026\116\343\145\160\116\016\000L\000i\000e\116\343\145\160}{chapter.1}% 9
\BOOKMARK [0][-]{chapter.2}{\376\377\236\316\146\374\121\340\117\125}{}% 10
\BOOKMARK [1][-]{section.2.1}{\376\377\116\377\134\004\200\124\176\334}{chapter.2}% 11
\BOOKMARK [1][-]{section.2.2}{\376\377\236\316\146\374\200\124\176\334}{chapter.2}% 12
\BOOKMARK [2][-]{subsection.2.2.1}{\376\377\236\316\146\374\121\340\117\125\127\372\147\054\133\232\164\006}{section.2.2}% 13
\BOOKMARK [1][-]{section.2.3}{\376\377\236\316\146\374\200\124\176\334\174\373\145\160\166\204\127\120\150\007\123\330\143\142}{chapter.2}% 14
\BOOKMARK [1][-]{section.2.4}{\376\377\165\061\200\124\176\334\133\232\116\111\166\204\124\004\171\315\137\256\122\006\173\227\133\120}{chapter.2}% 15
\BOOKMARK [1][-]{section.2.5}{\376\377\116\015\124\014\123\314\146\362\152\041\127\213\116\113\225\364\166\204\173\111\215\335\124\014\147\204}{chapter.2}% 16
\BOOKMARK [2][-]{subsection.2.5.1}{\376\377\116\011\171\315\123\314\146\362\152\041\127\213}{section.2.5}% 17
\BOOKMARK [2][-]{subsection.2.5.2}{\376\377\123\314\146\362\152\041\127\213\225\364\166\204\173\111\215\335\124\014\147\204}{section.2.5}% 18
\BOOKMARK [1][-]{section.2.6}{\376\377\236\316\146\374\121\340\117\125\116\055\166\204\124\004\171\315\146\362\163\207}{chapter.2}% 19
\BOOKMARK [2][-]{subsection.2.6.1}{\376\377\146\362\163\207\137\040\221\317}{section.2.6}% 20
\BOOKMARK [2][-]{subsection.2.6.2}{\376\377\236\316\146\374\146\362\163\207\137\040\221\317\166\204\116\343\145\160\140\047\215\050}{section.2.6}% 21
\BOOKMARK [2][-]{subsection.2.6.3}{\376\377\166\370\221\115\116\214\153\041\127\213}{section.2.6}% 22
\BOOKMARK [2][-]{subsection.2.6.4}{\376\377\146\362\163\207\137\040\221\317\060\001\143\040\163\207\137\040\221\317\166\204\127\120\150\007\122\006\221\317\210\150\171\072}{section.2.6}% 23
\BOOKMARK [2][-]{subsection.2.6.5}{\376\377\200\124\176\334\137\142\137\017\060\001\143\040\163\207\137\142\137\017\060\001\146\362\163\207\137\142\137\017}{section.2.6}% 24
\BOOKMARK [0][-]{chapter.3}{\376\377\131\015\122\006\147\220\060\001\131\015\121\340\117\125}{}% 25
\BOOKMARK [1][-]{section.3.1}{\376\377\133\236\176\277\140\047\172\172\225\364\116\016\131\015\176\277\140\047\172\172\225\364}{chapter.3}% 26
\BOOKMARK [0][-]{chapter.4}{\376\377\000L\000i\000e\177\244\127\372\170\100}{}% 27
\BOOKMARK [1][-]{section.4.1}{\376\377\000L\000i\000e\177\244\124\014\140\001}{chapter.4}% 28
\BOOKMARK [1][-]{section.4.2}{\376\377\000L\000i\000e\133\120\177\244}{chapter.4}% 29
\BOOKMARK [1][-]{section.4.3}{\376\377\211\206\123\340\146\040\134\004}{chapter.4}% 30
\BOOKMARK [1][-]{section.4.4}{\376\377\123\125\217\336\220\032\000L\000i\000e\177\244}{chapter.4}% 31
\BOOKMARK [0][-]{chapter.5}{\376\377\137\256\122\006\155\101\137\142}{}% 32
\BOOKMARK [1][-]{section.5.1}{\376\377\124\021\221\317\116\033\176\323\147\204\177\244\166\204\176\246\123\026}{chapter.5}% 33
